INFO 2025-10-16 22:19:34,240 autoreload 2455 8354795328 Watching for file changes with StatReloader
INFO 2025-10-16 22:22:40,681 autoreload 2455 8354795328 /Users/Gentil_Quentin/Desktop/New ALU Projects/summative-assessment-MaxKrypton/safeboda_rwanda/safeboda_rwanda/settings.py changed, reloading.
INFO 2025-10-16 22:22:40,950 autoreload 3341 8354795328 Watching for file changes with StatReloader
INFO 2025-10-16 22:24:14,170 autoreload 3341 8354795328 /Users/Gentil_Quentin/Desktop/New ALU Projects/summative-assessment-MaxKrypton/safeboda_rwanda/safeboda_rwanda/settings.py changed, reloading.
INFO 2025-10-16 22:31:57,489 autoreload 3779 8354795328 Watching for file changes with StatReloader
INFO 2025-10-16 22:36:04,427 autoreload 4168 8354795328 Watching for file changes with StatReloader
INFO 2025-10-16 22:38:42,294 autoreload 4380 8354795328 Watching for file changes with StatReloader
INFO 2025-10-16 22:47:20,383 autoreload 4380 8354795328 /Users/Gentil_Quentin/Desktop/New ALU Projects/summative-assessment-MaxKrypton/safeboda_rwanda/rides/services.py changed, reloading.
INFO 2025-10-16 22:47:20,836 autoreload 4838 8354795328 Watching for file changes with StatReloader
INFO 2025-10-16 22:56:13,824 autoreload 4838 8354795328 /Users/Gentil_Quentin/Desktop/New ALU Projects/summative-assessment-MaxKrypton/safeboda_rwanda/safeboda_rwanda/settings.py changed, reloading.
INFO 2025-10-16 22:56:14,223 autoreload 5070 8354795328 Watching for file changes with StatReloader
INFO 2025-10-16 22:56:28,851 autoreload 5070 8354795328 /Users/Gentil_Quentin/Desktop/New ALU Projects/summative-assessment-MaxKrypton/safeboda_rwanda/manage.py changed, reloading.
INFO 2025-10-16 22:56:29,193 autoreload 5093 8354795328 Watching for file changes with StatReloader
INFO 2025-10-16 23:21:18,902 autoreload 5590 8354795328 Watching for file changes with StatReloader
INFO 2025-10-16 23:22:40,591 autoreload 5743 8354795328 Watching for file changes with StatReloader
INFO 2025-10-16 23:24:26,636 autoreload 5913 8354795328 Watching for file changes with StatReloader
INFO 2025-10-16 23:24:52,761 autoreload 5743 8354795328 /Users/Gentil_Quentin/Desktop/New ALU Projects/summative-assessment-MaxKrypton/safeboda_rwanda/locations/services.py changed, reloading.
INFO 2025-10-16 23:24:53,231 autoreload 6014 8354795328 Watching for file changes with StatReloader
INFO 2025-10-16 23:27:00,544 autoreload 6014 8354795328 /Users/Gentil_Quentin/Desktop/New ALU Projects/summative-assessment-MaxKrypton/safeboda_rwanda/rides/views.py changed, reloading.
INFO 2025-10-16 23:27:00,966 autoreload 6084 8354795328 Watching for file changes with StatReloader
INFO 2025-10-16 23:29:03,954 autoreload 6258 8354795328 Watching for file changes with StatReloader
INFO 2025-10-16 23:34:22,293 autoreload 6914 8354795328 Watching for file changes with StatReloader
INFO 2025-10-16 23:37:46,509 autoreload 8219 8354795328 Watching for file changes with StatReloader
INFO 2025-10-16 23:38:23,639 autoreload 6084 8354795328 /Users/Gentil_Quentin/Desktop/New ALU Projects/summative-assessment-MaxKrypton/safeboda_rwanda/safeboda_rwanda/settings.py changed, reloading.
INFO 2025-10-16 23:38:24,048 autoreload 8219 8354795328 /Users/Gentil_Quentin/Desktop/New ALU Projects/summative-assessment-MaxKrypton/safeboda_rwanda/safeboda_rwanda/settings.py changed, reloading.
INFO 2025-10-16 23:38:24,051 autoreload 8308 8354795328 Watching for file changes with StatReloader
INFO 2025-10-16 23:38:24,390 autoreload 8310 8354795328 Watching for file changes with StatReloader
INFO 2025-10-16 23:38:35,099 autoreload 8379 8354795328 Watching for file changes with StatReloader
INFO 2025-10-16 23:41:14,009 autoreload 8604 8354795328 Watching for file changes with StatReloader
WARNING 2025-10-16 23:41:54,173 basehttp 8604 6160592896 "GET / HTTP/1.1" 404 4216
INFO 2025-10-16 23:42:04,159 basehttp 8604 6160592896 "GET /api/docs/ HTTP/1.1" 200 4718
WARNING 2025-10-16 23:42:34,061 basehttp 8604 6160592896 "GET / HTTP/1.1" 404 4216
WARNING 2025-10-16 23:42:35,296 basehttp 8604 6160592896 "GET /favicon.ico HTTP/1.1" 404 4267
WARNING 2025-10-16 23:42:42,242 basehttp 8604 6160592896 "GET /admon HTTP/1.1" 404 4249
INFO 2025-10-16 23:42:46,538 basehttp 8604 6160592896 "GET /admin HTTP/1.1" 301 0
INFO 2025-10-16 23:42:46,546 basehttp 8604 6177419264 "GET /admin/ HTTP/1.1" 302 0
INFO 2025-10-16 23:42:46,573 basehttp 8604 6177419264 "GET /admin/login/?next=/admin/ HTTP/1.1" 200 4173
INFO 2025-10-16 23:42:46,843 basehttp 8604 6194245632 "GET /static/admin/css/nav_sidebar.css HTTP/1.1" 200 2810
INFO 2025-10-16 23:42:46,844 basehttp 8604 6211072000 "GET /static/admin/css/login.css HTTP/1.1" 200 951
INFO 2025-10-16 23:42:46,845 basehttp 8604 6160592896 "GET /static/admin/css/dark_mode.css HTTP/1.1" 200 2808
INFO 2025-10-16 23:42:46,845 basehttp 8604 6177419264 "GET /static/admin/css/base.css HTTP/1.1" 200 22120
INFO 2025-10-16 23:42:46,846 basehttp 8604 6244724736 "GET /static/admin/js/theme.js HTTP/1.1" 200 1653
INFO 2025-10-16 23:42:46,847 basehttp 8604 6227898368 "GET /static/admin/css/responsive.css HTTP/1.1" 200 16565
INFO 2025-10-16 23:42:46,848 basehttp 8604 6227898368 "GET /static/admin/js/nav_sidebar.js HTTP/1.1" 200 3063
INFO 2025-10-16 23:42:54,912 autoreload 8840 8354795328 Watching for file changes with StatReloader
INFO 2025-10-17 00:13:43,421 basehttp 8840 6199488512 "GET /api/docs/ HTTP/1.1" 200 4718
INFO 2025-10-17 00:13:43,548 basehttp 8840 6199488512 "GET /api/schema/ HTTP/1.1" 200 122282
INFO 2025-10-17 00:13:43,552 basehttp 8840 6199488512 "GET /api/redoc/ HTTP/1.1" 200 735
INFO 2025-10-17 00:13:43,555 basehttp 8840 6199488512 "GET /api/health/detailed/ HTTP/1.1" 200 426
ERROR 2025-10-17 00:13:43,582 basehttp 8840 6199488512 "GET /api/monitoring/metrics/ HTTP/1.1" 500 141136
INFO 2025-10-17 00:13:43,586 basehttp 8840 6199488512 "GET /api/cache/health/ HTTP/1.1" 200 37
INFO 2025-10-17 00:13:43,588 basehttp 8840 6199488512 "GET /api/cache/stats/ HTTP/1.1" 200 162
ERROR 2025-10-17 00:13:43,608 basehttp 8840 6199488512 "GET /api/admin/system/status/ HTTP/1.1" 500 141142
ERROR 2025-10-17 00:13:43,902 basehttp 8840 6199488512 "POST /api/users/register/ HTTP/1.1" 500 242599
ERROR 2025-10-17 00:13:43,923 basehttp 8840 6216314880 "POST /api/users/login/ HTTP/1.1" 500 137234
ERROR 2025-10-17 00:13:43,995 basehttp 8840 6216314880 "POST /api/auth/jwt/token/ HTTP/1.1" 500 137150
INFO 2025-10-17 00:13:43,999 basehttp 8840 6216314880 "GET /api/auth/methods/ HTTP/1.1" 200 54
ERROR 2025-10-17 00:13:44,019 basehttp 8840 6216314880 "GET /api/users/ HTTP/1.1" 500 140838
ERROR 2025-10-17 00:13:44,040 basehttp 8840 6199488512 "GET /api/users/drivers/ HTTP/1.1" 500 140990
INFO 2025-10-17 00:13:44,042 basehttp 8840 6199488512 "GET /api/users/districts/ HTTP/1.1" 200 323
WARNING 2025-10-17 00:13:44,044 basehttp 8840 6199488512 "POST /api/users/validate/phone/ HTTP/1.1" 400 30
ERROR 2025-10-17 00:13:44,077 basehttp 8840 6199488512 "GET /api/locations/popular/ HTTP/1.1" 500 201746
ERROR 2025-10-17 00:13:44,102 basehttp 8840 6216314880 "POST /api/locations/calculate-distance/ HTTP/1.1" 500 137670
ERROR 2025-10-17 00:13:44,132 basehttp 8840 6216314880 "POST /api/locations/drivers/nearby/ HTTP/1.1" 500 223627
ERROR 2025-10-17 00:13:44,154 basehttp 8840 6233141248 "GET /api/rides/bookings/active/ HTTP/1.1" 500 141148
ERROR 2025-10-17 00:13:44,174 basehttp 8840 6233141248 "POST /api/rides/bookings/create/ HTTP/1.1" 500 141159
ERROR 2025-10-17 00:13:44,195 basehttp 8840 6233141248 "GET /api/rides/notifications/ HTTP/1.1" 500 141106
ERROR 2025-10-17 00:13:44,217 basehttp 8840 6233141248 "GET /api/government/rtda/compliance-status/ HTTP/1.1" 500 141406
ERROR 2025-10-17 00:13:44,241 basehttp 8840 6233141248 "POST /api/government/rtda/driver-report/ HTTP/1.1" 500 141422
ERROR 2025-10-17 00:13:44,262 basehttp 8840 6233141248 "GET /api/government/data/export-request/ HTTP/1.1" 500 141398
ERROR 2025-10-17 00:13:44,291 basehttp 8840 6233141248 "GET /api/analytics/rides/patterns/ HTTP/1.1" 500 141302
ERROR 2025-10-17 00:13:44,341 basehttp 8840 6233141248 "GET /api/analytics/drivers/performance/ HTTP/1.1" 500 141432
ERROR 2025-10-17 00:13:44,363 basehttp 8840 6199488512 "GET /api/analytics/revenue/summary/ HTTP/1.1" 500 141338
ERROR 2025-10-17 00:13:44,387 basehttp 8840 6199488512 "GET /api/analytics/traffic/hotspots/ HTTP/1.1" 500 141364
ERROR 2025-10-17 00:13:44,411 basehttp 8840 6199488512 "GET /api/privacy/consent/ HTTP/1.1" 500 141062
INFO 2025-10-17 00:13:44,414 basehttp 8840 6199488512 "GET /api/privacy/retention-policy/ HTTP/1.1" 200 187
ERROR 2025-10-17 00:13:44,440 basehttp 8840 6199488512 "GET /api/rbac/roles/ HTTP/1.1" 500 140972
ERROR 2025-10-17 00:13:44,466 basehttp 8840 6199488512 "GET /api/rbac/permissions/ HTTP/1.1" 500 141128
ERROR 2025-10-17 00:13:44,487 basehttp 8840 6199488512 "GET /api/rides/admin/dashboard/ HTTP/1.1" 500 141205
ERROR 2025-10-17 00:13:44,513 basehttp 8840 6199488512 "GET /api/rides/admin/reports/rides/ HTTP/1.1" 500 141279
ERROR 2025-10-17 00:13:44,535 basehttp 8840 6199488512 "GET /api/rides/admin/reports/drivers/ HTTP/1.1" 500 141331
INFO 2025-10-17 00:14:32,010 basehttp 8840 6199488512 "GET /api/docs/ HTTP/1.1" 200 4718
INFO 2025-10-17 00:14:32,138 basehttp 8840 6199488512 "GET /api/schema/ HTTP/1.1" 200 122282
INFO 2025-10-17 00:14:32,140 basehttp 8840 6199488512 "GET /api/redoc/ HTTP/1.1" 200 735
INFO 2025-10-17 00:14:32,144 basehttp 8840 6199488512 "GET /api/health/detailed/ HTTP/1.1" 200 426
ERROR 2025-10-17 00:14:32,169 basehttp 8840 6199488512 "GET /api/monitoring/metrics/ HTTP/1.1" 500 141136
INFO 2025-10-17 00:14:32,171 basehttp 8840 6199488512 "GET /api/cache/health/ HTTP/1.1" 200 37
INFO 2025-10-17 00:14:32,172 basehttp 8840 6199488512 "GET /api/cache/stats/ HTTP/1.1" 200 220
ERROR 2025-10-17 00:14:32,192 basehttp 8840 6199488512 "GET /api/admin/system/status/ HTTP/1.1" 500 141142
ERROR 2025-10-17 00:14:32,456 basehttp 8840 6199488512 "POST /api/users/register/ HTTP/1.1" 500 242615
ERROR 2025-10-17 00:14:32,478 basehttp 8840 6216314880 "POST /api/users/login/ HTTP/1.1" 500 137234
ERROR 2025-10-17 00:14:32,503 basehttp 8840 6216314880 "POST /api/auth/jwt/token/ HTTP/1.1" 500 137150
INFO 2025-10-17 00:14:32,506 basehttp 8840 6199488512 "GET /api/auth/methods/ HTTP/1.1" 200 54
ERROR 2025-10-17 00:14:32,527 basehttp 8840 6199488512 "GET /api/users/ HTTP/1.1" 500 140838
ERROR 2025-10-17 00:14:32,548 basehttp 8840 6199488512 "GET /api/users/drivers/ HTTP/1.1" 500 140990
INFO 2025-10-17 00:14:32,551 basehttp 8840 6199488512 "GET /api/users/districts/ HTTP/1.1" 200 323
WARNING 2025-10-17 00:14:32,571 basehttp 8840 6199488512 "POST /api/users/validate/phone/ HTTP/1.1" 400 30
ERROR 2025-10-17 00:14:32,611 basehttp 8840 6199488512 "GET /api/locations/popular/ HTTP/1.1" 500 201747
ERROR 2025-10-17 00:14:32,633 basehttp 8840 6216314880 "POST /api/locations/calculate-distance/ HTTP/1.1" 500 137670
ERROR 2025-10-17 00:14:32,660 basehttp 8840 6216314880 "POST /api/locations/drivers/nearby/ HTTP/1.1" 500 141415
ERROR 2025-10-17 00:14:32,680 basehttp 8840 6216314880 "GET /api/rides/bookings/active/ HTTP/1.1" 500 141148
ERROR 2025-10-17 00:14:32,703 basehttp 8840 6216314880 "POST /api/rides/bookings/create/ HTTP/1.1" 500 141159
ERROR 2025-10-17 00:14:32,724 basehttp 8840 6216314880 "GET /api/rides/notifications/ HTTP/1.1" 500 141106
ERROR 2025-10-17 00:14:32,743 basehttp 8840 6216314880 "GET /api/government/rtda/compliance-status/ HTTP/1.1" 500 141406
ERROR 2025-10-17 00:14:32,764 basehttp 8840 6216314880 "POST /api/government/rtda/driver-report/ HTTP/1.1" 500 141422
ERROR 2025-10-17 00:14:32,785 basehttp 8840 6216314880 "GET /api/government/data/export-request/ HTTP/1.1" 500 141398
ERROR 2025-10-17 00:14:32,805 basehttp 8840 6216314880 "GET /api/analytics/rides/patterns/ HTTP/1.1" 500 141302
ERROR 2025-10-17 00:14:32,825 basehttp 8840 6199488512 "GET /api/analytics/drivers/performance/ HTTP/1.1" 500 141432
ERROR 2025-10-17 00:14:32,846 basehttp 8840 6199488512 "GET /api/analytics/revenue/summary/ HTTP/1.1" 500 141338
ERROR 2025-10-17 00:14:32,867 basehttp 8840 6199488512 "GET /api/analytics/traffic/hotspots/ HTTP/1.1" 500 141364
ERROR 2025-10-17 00:14:32,895 basehttp 8840 6199488512 "GET /api/privacy/consent/ HTTP/1.1" 500 141062
ERROR 2025-10-17 00:14:32,917 basehttp 8840 6199488512 "GET /api/privacy/retention-policy/ HTTP/1.1" 500 141313
ERROR 2025-10-17 00:14:32,939 basehttp 8840 6199488512 "GET /api/rbac/roles/ HTTP/1.1" 500 140972
ERROR 2025-10-17 00:14:32,995 basehttp 8840 6199488512 "GET /api/rbac/permissions/ HTTP/1.1" 500 141128
ERROR 2025-10-17 00:14:33,019 basehttp 8840 6199488512 "GET /api/rides/admin/dashboard/ HTTP/1.1" 500 141205
ERROR 2025-10-17 00:14:33,039 basehttp 8840 6199488512 "GET /api/rides/admin/reports/rides/ HTTP/1.1" 500 141279
ERROR 2025-10-17 00:14:33,061 basehttp 8840 6199488512 "GET /api/rides/admin/reports/drivers/ HTTP/1.1" 500 141331
ERROR 2025-10-17 00:14:41,404 basehttp 8840 6199488512 "GET /api/users/ HTTP/1.1" 500 140544
INFO 2025-10-17 00:15:16,744 basehttp 8840 6199488512 "GET /api/docs/ HTTP/1.1" 200 4718
INFO 2025-10-17 00:15:16,854 basehttp 8840 6199488512 "GET /api/schema/ HTTP/1.1" 200 122282
INFO 2025-10-17 00:15:16,857 basehttp 8840 6199488512 "GET /api/redoc/ HTTP/1.1" 200 735
INFO 2025-10-17 00:15:16,860 basehttp 8840 6199488512 "GET /api/health/detailed/ HTTP/1.1" 200 425
WARNING 2025-10-17 00:15:16,862 basehttp 8840 6199488512 "GET /api/monitoring/metrics/ HTTP/1.1" 401 198
INFO 2025-10-17 00:15:16,864 basehttp 8840 6199488512 "GET /api/cache/health/ HTTP/1.1" 200 37
INFO 2025-10-17 00:15:16,866 basehttp 8840 6199488512 "GET /api/cache/stats/ HTTP/1.1" 200 220
WARNING 2025-10-17 00:15:16,867 basehttp 8840 6199488512 "GET /api/admin/system/status/ HTTP/1.1" 401 198
ERROR 2025-10-17 00:15:17,127 basehttp 8840 6199488512 "POST /api/users/register/ HTTP/1.1" 500 207465
WARNING 2025-10-17 00:15:17,130 basehttp 8840 6216314880 "POST /api/users/login/ HTTP/1.1" 400 212
WARNING 2025-10-17 00:15:17,135 basehttp 8840 6216314880 "POST /api/auth/jwt/token/ HTTP/1.1" 400 212
INFO 2025-10-17 00:15:17,138 basehttp 8840 6216314880 "GET /api/auth/methods/ HTTP/1.1" 200 54
WARNING 2025-10-17 00:15:17,139 basehttp 8840 6216314880 "GET /api/users/ HTTP/1.1" 401 198
WARNING 2025-10-17 00:15:17,141 basehttp 8840 6216314880 "GET /api/users/drivers/ HTTP/1.1" 401 198
INFO 2025-10-17 00:15:17,142 basehttp 8840 6216314880 "GET /api/users/districts/ HTTP/1.1" 200 323
WARNING 2025-10-17 00:15:17,144 basehttp 8840 6216314880 "POST /api/users/validate/phone/ HTTP/1.1" 400 30
ERROR 2025-10-17 00:15:17,170 basehttp 8840 6216314880 "GET /api/locations/popular/ HTTP/1.1" 500 166591
WARNING 2025-10-17 00:15:17,173 basehttp 8840 6199488512 "POST /api/locations/calculate-distance/ HTTP/1.1" 400 331
ERROR 2025-10-17 00:15:17,202 basehttp 8840 6199488512 "POST /api/locations/drivers/nearby/ HTTP/1.1" 500 188502
WARNING 2025-10-17 00:15:17,204 basehttp 8840 6233141248 "GET /api/rides/bookings/active/ HTTP/1.1" 401 198
WARNING 2025-10-17 00:15:17,206 basehttp 8840 6233141248 "POST /api/rides/bookings/create/ HTTP/1.1" 401 198
WARNING 2025-10-17 00:15:17,207 basehttp 8840 6233141248 "GET /api/rides/notifications/ HTTP/1.1" 401 198
WARNING 2025-10-17 00:15:17,209 basehttp 8840 6233141248 "GET /api/government/rtda/compliance-status/ HTTP/1.1" 401 198
WARNING 2025-10-17 00:15:17,210 basehttp 8840 6233141248 "POST /api/government/rtda/driver-report/ HTTP/1.1" 401 198
WARNING 2025-10-17 00:15:17,212 basehttp 8840 6233141248 "GET /api/government/data/export-request/ HTTP/1.1" 401 198
WARNING 2025-10-17 00:15:17,213 basehttp 8840 6233141248 "GET /api/analytics/rides/patterns/ HTTP/1.1" 401 198
WARNING 2025-10-17 00:15:17,215 basehttp 8840 6233141248 "GET /api/analytics/drivers/performance/ HTTP/1.1" 401 198
WARNING 2025-10-17 00:15:17,216 basehttp 8840 6233141248 "GET /api/analytics/revenue/summary/ HTTP/1.1" 401 198
WARNING 2025-10-17 00:15:17,218 basehttp 8840 6233141248 "GET /api/analytics/traffic/hotspots/ HTTP/1.1" 401 198
WARNING 2025-10-17 00:15:17,221 basehttp 8840 6233141248 "GET /api/privacy/consent/ HTTP/1.1" 401 198
WARNING 2025-10-17 00:15:17,223 basehttp 8840 6233141248 "GET /api/privacy/retention-policy/ HTTP/1.1" 429 213
WARNING 2025-10-17 00:15:17,226 basehttp 8840 6233141248 "GET /api/rbac/roles/ HTTP/1.1" 401 198
WARNING 2025-10-17 00:15:17,228 basehttp 8840 6233141248 "GET /api/rbac/permissions/ HTTP/1.1" 401 198
WARNING 2025-10-17 00:15:17,230 basehttp 8840 6233141248 "GET /api/rides/admin/dashboard/ HTTP/1.1" 401 198
WARNING 2025-10-17 00:15:17,232 basehttp 8840 6233141248 "GET /api/rides/admin/reports/rides/ HTTP/1.1" 401 198
WARNING 2025-10-17 00:15:17,233 basehttp 8840 6233141248 "GET /api/rides/admin/reports/drivers/ HTTP/1.1" 401 198
INFO 2025-10-17 00:43:08,903 basehttp 8840 6233141248 "GET /api/redoc/ HTTP/1.1" 200 735
INFO 2025-10-17 00:43:09,820 basehttp 8840 6233141248 "GET /api/schema/ HTTP/1.1" 200 122282
WARNING 2025-10-17 00:43:09,826 basehttp 8840 6249967616 "GET /favicon.ico HTTP/1.1" 404 4267
INFO 2025-10-17 00:43:23,659 basehttp 8840 6249967616 "GET /api/schema/ HTTP/1.1" 200 122282
INFO 2025-10-17 00:43:28,736 basehttp 8840 6249967616 "GET /api/docs/ HTTP/1.1" 200 4718
INFO 2025-10-17 00:43:29,261 basehttp 8840 6249967616 "GET /api/schema/ HTTP/1.1" 200 245243
INFO 2025-10-17 18:02:15,572 autoreload 20409 8354795328 Watching for file changes with StatReloader
INFO 2025-10-17 18:03:33,377 autoreload 20951 8354795328 Watching for file changes with StatReloader
WARNING 2025-10-17 18:05:31,144 basehttp 20951 6167867392 "GET / HTTP/1.1" 404 4216
WARNING 2025-10-17 18:05:31,208 basehttp 20951 6167867392 "GET /favicon.ico HTTP/1.1" 404 4267
INFO 2025-10-17 18:06:03,981 basehttp 20951 6167867392 "GET /admin HTTP/1.1" 301 0
INFO 2025-10-17 18:06:03,996 basehttp 20951 6184693760 "GET /admin/ HTTP/1.1" 302 0
INFO 2025-10-17 18:06:04,016 basehttp 20951 6184693760 "GET /admin/login/?next=/admin/ HTTP/1.1" 200 4173
INFO 2025-10-17 18:06:04,052 basehttp 20951 6218346496 "GET /static/admin/css/login.css HTTP/1.1" 200 951
INFO 2025-10-17 18:06:04,052 basehttp 20951 6201520128 "GET /static/admin/css/nav_sidebar.css HTTP/1.1" 200 2810
INFO 2025-10-17 18:06:04,053 basehttp 20951 6251999232 "GET /static/admin/js/theme.js HTTP/1.1" 200 1653
INFO 2025-10-17 18:06:04,053 basehttp 20951 6167867392 "GET /static/admin/css/dark_mode.css HTTP/1.1" 200 2808
INFO 2025-10-17 18:06:04,054 basehttp 20951 6235172864 "GET /static/admin/css/responsive.css HTTP/1.1" 200 16565
INFO 2025-10-17 18:06:04,054 basehttp 20951 6184693760 "GET /static/admin/css/base.css HTTP/1.1" 200 22120
INFO 2025-10-17 18:06:04,055 basehttp 20951 6184693760 "GET /static/admin/js/nav_sidebar.js HTTP/1.1" 200 3063
WARNING 2025-10-17 18:06:23,006 basehttp 20951 6167867392 "GET / HTTP/1.1" 404 4216
WARNING 2025-10-17 18:06:23,082 basehttp 20951 6167867392 "GET /favicon.ico HTTP/1.1" 404 4267
INFO 2025-10-17 18:06:29,355 basehttp 20951 6167867392 "GET /admin HTTP/1.1" 301 0
INFO 2025-10-17 18:06:29,359 basehttp 20951 6184693760 "GET /admin/ HTTP/1.1" 302 0
INFO 2025-10-17 18:06:29,365 basehttp 20951 6184693760 "GET /admin/login/?next=/admin/ HTTP/1.1" 200 4173
INFO 2025-10-17 18:06:29,379 basehttp 20951 6184693760 "GET /static/admin/css/base.css HTTP/1.1" 200 22120
INFO 2025-10-17 18:06:29,380 basehttp 20951 6201520128 "GET /static/admin/css/nav_sidebar.css HTTP/1.1" 200 2810
INFO 2025-10-17 18:06:29,381 basehttp 20951 6167867392 "GET /static/admin/css/dark_mode.css HTTP/1.1" 200 2808
INFO 2025-10-17 18:06:29,383 basehttp 20951 6218346496 "GET /static/admin/css/login.css HTTP/1.1" 200 951
INFO 2025-10-17 18:06:29,384 basehttp 20951 6251999232 "GET /static/admin/js/theme.js HTTP/1.1" 200 1653
INFO 2025-10-17 18:06:29,384 basehttp 20951 6235172864 "GET /static/admin/css/responsive.css HTTP/1.1" 200 16565
INFO 2025-10-17 18:06:29,387 basehttp 20951 6235172864 "GET /static/admin/js/nav_sidebar.js HTTP/1.1" 200 3063
WARNING 2025-10-17 18:06:55,916 basehttp 20951 6167867392 "GET / HTTP/1.1" 404 4216
INFO 2025-10-17 18:07:01,597 basehttp 20951 6167867392 "GET /admin/ HTTP/1.1" 302 0
INFO 2025-10-17 18:07:01,610 basehttp 20951 6167867392 "GET /admin/login/?next=/admin/ HTTP/1.1" 200 4173
INFO 2025-10-17 18:07:01,915 basehttp 20951 6167867392 "GET /static/admin/css/base.css HTTP/1.1" 304 0
INFO 2025-10-17 18:07:01,917 basehttp 20951 6184693760 "GET /static/admin/css/login.css HTTP/1.1" 304 0
INFO 2025-10-17 18:07:01,917 basehttp 20951 6201520128 "GET /static/admin/css/dark_mode.css HTTP/1.1" 304 0
INFO 2025-10-17 18:07:01,917 basehttp 20951 6218346496 "GET /static/admin/css/nav_sidebar.css HTTP/1.1" 304 0
INFO 2025-10-17 18:07:01,918 basehttp 20951 6235172864 "GET /static/admin/css/responsive.css HTTP/1.1" 304 0
INFO 2025-10-17 18:07:01,919 basehttp 20951 6251999232 "GET /static/admin/js/theme.js HTTP/1.1" 304 0
INFO 2025-10-17 18:07:01,920 basehttp 20951 6251999232 "GET /static/admin/js/nav_sidebar.js HTTP/1.1" 304 0
INFO 2025-10-17 18:07:20,099 basehttp 20951 6167867392 "POST /admin/login/?next=/admin/ HTTP/1.1" 200 4342
INFO 2025-10-17 18:07:37,982 basehttp 20951 6184693760 "POST /admin/login/?next=/admin/ HTTP/1.1" 302 0
INFO 2025-10-17 18:07:37,994 basehttp 20951 6184693760 "GET /admin/ HTTP/1.1" 200 8757
INFO 2025-10-17 18:07:38,005 basehttp 20951 6184693760 "GET /static/admin/css/dashboard.css HTTP/1.1" 200 441
INFO 2025-10-17 18:07:38,008 basehttp 20951 6184693760 "GET /static/admin/img/icon-addlink.svg HTTP/1.1" 200 331
INFO 2025-10-17 18:07:38,008 basehttp 20951 6201520128 "GET /static/admin/img/icon-changelink.svg HTTP/1.1" 200 380
INFO 2025-10-17 18:07:47,427 basehttp 20951 6167867392 "GET /admin/users/user/ HTTP/1.1" 200 20747
INFO 2025-10-17 18:07:47,698 basehttp 20951 6167867392 "GET /static/admin/css/changelists.css HTTP/1.1" 200 6878
INFO 2025-10-17 18:07:47,699 basehttp 20951 6218346496 "GET /static/admin/js/jquery.init.js HTTP/1.1" 200 347
INFO 2025-10-17 18:07:47,701 basehttp 20951 6251999232 "GET /static/admin/js/admin/RelatedObjectLookups.js HTTP/1.1" 200 9777
INFO 2025-10-17 18:07:47,701 basehttp 20951 6235172864 "GET /static/admin/js/core.js HTTP/1.1" 200 6208
INFO 2025-10-17 18:07:47,703 basehttp 20951 6218346496 "GET /static/admin/js/urlify.js HTTP/1.1" 200 7887
INFO 2025-10-17 18:07:47,704 basehttp 20951 6167867392 "GET /static/admin/js/actions.js HTTP/1.1" 200 8076
INFO 2025-10-17 18:07:47,705 basehttp 20951 6251999232 "GET /static/admin/js/prepopulate.js HTTP/1.1" 200 1531
INFO 2025-10-17 18:07:47,706 basehttp 20951 6218346496 "GET /static/admin/img/search.svg HTTP/1.1" 200 458
INFO 2025-10-17 18:07:47,709 basehttp 20951 6167867392 "GET /static/admin/img/icon-no.svg HTTP/1.1" 200 560
INFO 2025-10-17 18:07:47,709 basehttp 20951 6184693760 "GET /admin/jsi18n/ HTTP/1.1" 200 3342
INFO 2025-10-17 18:07:47,710 basehttp 20951 6218346496 "GET /static/admin/img/icon-yes.svg HTTP/1.1" 200 436
INFO 2025-10-17 18:07:47,712 basehttp 20951 6201520128 "GET /static/admin/js/vendor/jquery/jquery.js HTTP/1.1" 200 285314
INFO 2025-10-17 18:07:47,713 basehttp 20951 6235172864 "GET /static/admin/js/vendor/xregexp/xregexp.js HTTP/1.1" 200 325171
INFO 2025-10-17 18:07:47,717 basehttp 20951 6235172864 "GET /static/admin/js/filters.js HTTP/1.1" 200 978
INFO 2025-10-17 18:07:47,731 basehttp 20951 6235172864 "GET /static/admin/img/tooltag-add.svg HTTP/1.1" 200 331
INFO 2025-10-17 18:07:47,731 basehttp 20951 6201520128 "GET /static/admin/img/sorting-icons.svg HTTP/1.1" 200 1097
INFO 2025-10-17 18:07:47,731 basehttp 20951 6218346496 "GET /static/admin/img/icon-viewlink.svg HTTP/1.1" 200 581
INFO 2025-10-17 18:08:08,943 basehttp 20951 6167867392 "GET /admin/users/user/11/change/ HTTP/1.1" 200 31474
INFO 2025-10-17 18:08:09,212 basehttp 20951 6167867392 "GET /static/admin/css/forms.css HTTP/1.1" 200 8525
INFO 2025-10-17 18:08:09,212 basehttp 20951 6201520128 "GET /static/admin/js/calendar.js HTTP/1.1" 200 9141
INFO 2025-10-17 18:08:09,216 basehttp 20951 6167867392 "GET /static/admin/js/prepopulate_init.js HTTP/1.1" 200 586
INFO 2025-10-17 18:08:09,219 basehttp 20951 6235172864 "GET /static/admin/js/SelectBox.js HTTP/1.1" 200 4530
INFO 2025-10-17 18:08:09,219 basehttp 20951 6251999232 "GET /static/admin/js/SelectFilter2.js HTTP/1.1" 200 15845
INFO 2025-10-17 18:08:09,220 basehttp 20951 6218346496 "GET /static/admin/js/admin/DateTimeShortcuts.js HTTP/1.1" 200 19319
INFO 2025-10-17 18:08:09,221 basehttp 20951 6201520128 "GET /static/admin/css/widgets.css HTTP/1.1" 200 11973
INFO 2025-10-17 18:08:09,222 basehttp 20951 6184693760 "GET /admin/jsi18n/ HTTP/1.1" 200 3342
INFO 2025-10-17 18:08:09,224 basehttp 20951 6201520128 "GET /static/admin/js/change_form.js HTTP/1.1" 200 606
INFO 2025-10-17 18:08:09,255 basehttp 20951 6218346496 "GET /static/admin/img/icon-clock.svg HTTP/1.1" 200 677
INFO 2025-10-17 18:08:09,255 basehttp 20951 6184693760 "GET /static/admin/img/icon-calendar.svg HTTP/1.1" 200 1086
INFO 2025-10-17 18:08:09,256 basehttp 20951 6201520128 "GET /static/admin/img/selector-icons.svg HTTP/1.1" 200 3291
ERROR 2025-10-17 18:08:12,227 basehttp 20951 6184693760 "GET /admin/users/user/11/delete/ HTTP/1.1" 500 215876
INFO 2025-10-17 18:08:20,101 basehttp 20951 6201520128 "GET /admin/users/user/11/change/ HTTP/1.1" 200 31474
INFO 2025-10-17 18:08:22,001 basehttp 20951 6201520128 "POST /admin/users/user/11/change/ HTTP/1.1" 302 0
INFO 2025-10-17 18:08:22,022 basehttp 20951 6201520128 "GET /admin/users/user/11/change/ HTTP/1.1" 200 31699
INFO 2025-10-17 18:08:22,038 basehttp 20951 6201520128 "GET /admin/jsi18n/ HTTP/1.1" 200 3342
INFO 2025-10-17 18:08:24,475 basehttp 20951 6201520128 "GET /admin/users/user/11/change/ HTTP/1.1" 200 31474
INFO 2025-10-17 18:08:28,853 basehttp 20951 6201520128 "GET /admin/users/user/ HTTP/1.1" 200 20747
INFO 2025-10-17 18:08:34,623 basehttp 20951 6218346496 "GET /admin/users/user/1/change/ HTTP/1.1" 200 31500
INFO 2025-10-17 18:08:34,909 basehttp 20951 6218346496 "GET /admin/jsi18n/ HTTP/1.1" 200 3342
ERROR 2025-10-17 18:08:39,005 basehttp 20951 6218346496 "GET /admin/users/user/1/delete/ HTTP/1.1" 500 216004
WARNING 2025-10-17 18:42:21,876 basehttp 20951 6167867392 "POST /api/auth/jwt/token/ HTTP/1.1" 400 212
WARNING 2025-10-17 18:42:39,891 basehttp 20951 6167867392 "POST /api/auth/jwt/token/ HTTP/1.1" 400 212
